{"C:\\Users\\Maria\\cafehud\\frontend\\src\\api\\api.js": {"path":"C:\\Users\\Maria\\cafehud\\frontend\\src\\api\\api.js","statementMap":{"0":{"start":{"line":3,"column":16},"end":{"line":3,"column":null}},"1":{"start":{"line":4,"column":29},"end":{"line":4,"column":null}},"2":{"start":{"line":6,"column":12},"end":{"line":9,"column":2}},"3":{"start":{"line":11,"column":0},"end":{"line":48,"column":null}},"4":{"start":{"line":12,"column":16},"end":{"line":12,"column":null}},"5":{"start":{"line":14,"column":16},"end":{"line":14,"column":null}},"6":{"start":{"line":15,"column":27},"end":{"line":15,"column":49}},"7":{"start":{"line":17,"column":4},"end":{"line":43,"column":null}},"8":{"start":{"line":18,"column":6},"end":{"line":19,"column":null}},"9":{"start":{"line":19,"column":8},"end":{"line":19,"column":null}},"10":{"start":{"line":22,"column":6},"end":{"line":22,"column":null}},"11":{"start":{"line":24,"column":27},"end":{"line":24,"column":null}},"12":{"start":{"line":26,"column":6},"end":{"line":39,"column":null}},"13":{"start":{"line":27,"column":8},"end":{"line":27,"column":null}},"14":{"start":{"line":29,"column":8},"end":{"line":29,"column":null}},"15":{"start":{"line":31,"column":8},"end":{"line":31,"column":null}},"16":{"start":{"line":32,"column":8},"end":{"line":32,"column":null}},"17":{"start":{"line":34,"column":33},"end":{"line":34,"column":null}},"18":{"start":{"line":35,"column":8},"end":{"line":35,"column":null}},"19":{"start":{"line":37,"column":8},"end":{"line":37,"column":null}},"20":{"start":{"line":39,"column":8},"end":{"line":39,"column":null}},"21":{"start":{"line":42,"column":6},"end":{"line":43,"column":null}},"22":{"start":{"line":43,"column":8},"end":{"line":43,"column":null}},"23":{"start":{"line":46,"column":4},"end":{"line":46,"column":null}},"24":{"start":{"line":50,"column":6},"end":{"line":50,"column":null}},"25":{"start":{"line":50,"column":29},"end":{"line":50,"column":null}},"26":{"start":{"line":52,"column":23},"end":{"line":57,"column":null}},"27":{"start":{"line":53,"column":32},"end":{"line":53,"column":82}},"28":{"start":{"line":54,"column":32},"end":{"line":54,"column":82}},"29":{"start":{"line":55,"column":18},"end":{"line":55,"column":51}},"30":{"start":{"line":56,"column":22},"end":{"line":56,"column":null}},"31":{"start":{"line":59,"column":23},"end":{"line":64,"column":null}},"32":{"start":{"line":60,"column":24},"end":{"line":60,"column":55}},"33":{"start":{"line":61,"column":25},"end":{"line":61,"column":62}},"34":{"start":{"line":62,"column":22},"end":{"line":62,"column":65}},"35":{"start":{"line":63,"column":39},"end":{"line":63,"column":null}},"36":{"start":{"line":66,"column":27},"end":{"line":69,"column":null}},"37":{"start":{"line":67,"column":28},"end":{"line":67,"column":63}},"38":{"start":{"line":68,"column":28},"end":{"line":68,"column":null}},"39":{"start":{"line":71,"column":25},"end":{"line":75,"column":null}},"40":{"start":{"line":72,"column":23},"end":{"line":72,"column":61}},"41":{"start":{"line":73,"column":42},"end":{"line":73,"column":99}},"42":{"start":{"line":74,"column":30},"end":{"line":74,"column":null}},"43":{"start":{"line":77,"column":24},"end":{"line":90,"column":null}},"44":{"start":{"line":78,"column":24},"end":{"line":78,"column":61}},"45":{"start":{"line":79,"column":42},"end":{"line":79,"column":104}},"46":{"start":{"line":80,"column":32},"end":{"line":80,"column":82}},"47":{"start":{"line":81,"column":24},"end":{"line":81,"column":61}},"48":{"start":{"line":82,"column":34},"end":{"line":82,"column":82}},"49":{"start":{"line":83,"column":42},"end":{"line":83,"column":99}},"50":{"start":{"line":84,"column":28},"end":{"line":84,"column":69}},"51":{"start":{"line":85,"column":27},"end":{"line":85,"column":78}},"52":{"start":{"line":86,"column":56},"end":{"line":86,"column":130}},"53":{"start":{"line":87,"column":32},"end":{"line":87,"column":82}},"54":{"start":{"line":88,"column":26},"end":{"line":88,"column":65}},"55":{"start":{"line":89,"column":36},"end":{"line":89,"column":null}}},"fnMap":{"0":{"name":"(anonymous_0)","decl":{"start":{"line":11,"column":26},"end":{"line":11,"column":null}},"loc":{"start":{"line":12,"column":16},"end":{"line":12,"column":null}},"line":12},"1":{"name":"(anonymous_1)","decl":{"start":{"line":13,"column":2},"end":{"line":13,"column":9}},"loc":{"start":{"line":13,"column":19},"end":{"line":48,"column":null}},"line":13},"2":{"name":"(anonymous_2)","decl":{"start":{"line":50,"column":6},"end":{"line":50,"column":16}},"loc":{"start":{"line":50,"column":29},"end":{"line":50,"column":null}},"line":50},"3":{"name":"(anonymous_3)","decl":{"start":{"line":53,"column":9},"end":{"line":53,"column":16}},"loc":{"start":{"line":53,"column":32},"end":{"line":53,"column":82}},"line":53},"4":{"name":"(anonymous_4)","decl":{"start":{"line":54,"column":12},"end":{"line":54,"column":19}},"loc":{"start":{"line":54,"column":32},"end":{"line":54,"column":82}},"line":54},"5":{"name":"(anonymous_5)","decl":{"start":{"line":55,"column":6},"end":{"line":55,"column":18}},"loc":{"start":{"line":55,"column":18},"end":{"line":55,"column":51}},"line":55},"6":{"name":"(anonymous_6)","decl":{"start":{"line":56,"column":10},"end":{"line":56,"column":22}},"loc":{"start":{"line":56,"column":22},"end":{"line":56,"column":null}},"line":56},"7":{"name":"(anonymous_7)","decl":{"start":{"line":60,"column":12},"end":{"line":60,"column":24}},"loc":{"start":{"line":60,"column":24},"end":{"line":60,"column":55}},"line":60},"8":{"name":"(anonymous_8)","decl":{"start":{"line":61,"column":11},"end":{"line":61,"column":18}},"loc":{"start":{"line":61,"column":25},"end":{"line":61,"column":62}},"line":61},"9":{"name":"(anonymous_9)","decl":{"start":{"line":62,"column":8},"end":{"line":62,"column":15}},"loc":{"start":{"line":62,"column":22},"end":{"line":62,"column":65}},"line":62},"10":{"name":"(anonymous_10)","decl":{"start":{"line":63,"column":13},"end":{"line":63,"column":20}},"loc":{"start":{"line":63,"column":39},"end":{"line":63,"column":null}},"line":63},"11":{"name":"(anonymous_11)","decl":{"start":{"line":67,"column":16},"end":{"line":67,"column":28}},"loc":{"start":{"line":67,"column":28},"end":{"line":67,"column":63}},"line":67},"12":{"name":"(anonymous_12)","decl":{"start":{"line":68,"column":10},"end":{"line":68,"column":17}},"loc":{"start":{"line":68,"column":28},"end":{"line":68,"column":null}},"line":68},"13":{"name":"(anonymous_13)","decl":{"start":{"line":72,"column":11},"end":{"line":72,"column":23}},"loc":{"start":{"line":72,"column":23},"end":{"line":72,"column":61}},"line":72},"14":{"name":"(anonymous_14)","decl":{"start":{"line":73,"column":10},"end":{"line":73,"column":17}},"loc":{"start":{"line":73,"column":42},"end":{"line":73,"column":99}},"line":73},"15":{"name":"(anonymous_15)","decl":{"start":{"line":74,"column":10},"end":{"line":74,"column":17}},"loc":{"start":{"line":74,"column":30},"end":{"line":74,"column":null}},"line":74},"16":{"name":"(anonymous_16)","decl":{"start":{"line":78,"column":12},"end":{"line":78,"column":24}},"loc":{"start":{"line":78,"column":24},"end":{"line":78,"column":61}},"line":78},"17":{"name":"(anonymous_17)","decl":{"start":{"line":79,"column":18},"end":{"line":79,"column":25}},"loc":{"start":{"line":79,"column":42},"end":{"line":79,"column":104}},"line":79},"18":{"name":"(anonymous_18)","decl":{"start":{"line":80,"column":14},"end":{"line":80,"column":21}},"loc":{"start":{"line":80,"column":32},"end":{"line":80,"column":82}},"line":80},"19":{"name":"(anonymous_19)","decl":{"start":{"line":81,"column":12},"end":{"line":81,"column":24}},"loc":{"start":{"line":81,"column":24},"end":{"line":81,"column":61}},"line":81},"20":{"name":"(anonymous_20)","decl":{"start":{"line":82,"column":14},"end":{"line":82,"column":21}},"loc":{"start":{"line":82,"column":34},"end":{"line":82,"column":82}},"line":82},"21":{"name":"(anonymous_21)","decl":{"start":{"line":83,"column":14},"end":{"line":83,"column":21}},"loc":{"start":{"line":83,"column":42},"end":{"line":83,"column":99}},"line":83},"22":{"name":"(anonymous_22)","decl":{"start":{"line":84,"column":16},"end":{"line":84,"column":28}},"loc":{"start":{"line":84,"column":28},"end":{"line":84,"column":69}},"line":84},"23":{"name":"(anonymous_23)","decl":{"start":{"line":85,"column":15},"end":{"line":85,"column":27}},"loc":{"start":{"line":85,"column":27},"end":{"line":85,"column":78}},"line":85},"24":{"name":"(anonymous_24)","decl":{"start":{"line":86,"column":23},"end":{"line":86,"column":30}},"loc":{"start":{"line":86,"column":56},"end":{"line":86,"column":130}},"line":86},"25":{"name":"(anonymous_25)","decl":{"start":{"line":87,"column":14},"end":{"line":87,"column":21}},"loc":{"start":{"line":87,"column":32},"end":{"line":87,"column":82}},"line":87},"26":{"name":"(anonymous_26)","decl":{"start":{"line":88,"column":14},"end":{"line":88,"column":26}},"loc":{"start":{"line":88,"column":26},"end":{"line":88,"column":65}},"line":88},"27":{"name":"(anonymous_27)","decl":{"start":{"line":89,"column":16},"end":{"line":89,"column":23}},"loc":{"start":{"line":89,"column":36},"end":{"line":89,"column":null}},"line":89}},"branchMap":{"0":{"loc":{"start":{"line":3,"column":16},"end":{"line":3,"column":null}},"type":"binary-expr","locations":[{"start":{"line":3,"column":16},"end":{"line":3,"column":48}},{"start":{"line":3,"column":48},"end":{"line":3,"column":null}}],"line":3},"1":{"loc":{"start":{"line":14,"column":16},"end":{"line":14,"column":null}},"type":"binary-expr","locations":[{"start":{"line":14,"column":16},"end":{"line":14,"column":37}},{"start":{"line":14,"column":37},"end":{"line":14,"column":null}}],"line":14},"2":{"loc":{"start":{"line":17,"column":4},"end":{"line":43,"column":null}},"type":"if","locations":[{"start":{"line":17,"column":4},"end":{"line":43,"column":null}},{"start":{},"end":{}}],"line":17},"3":{"loc":{"start":{"line":17,"column":8},"end":{"line":17,"column":59}},"type":"binary-expr","locations":[{"start":{"line":17,"column":8},"end":{"line":17,"column":42}},{"start":{"line":17,"column":42},"end":{"line":17,"column":59}}],"line":17},"4":{"loc":{"start":{"line":18,"column":6},"end":{"line":19,"column":null}},"type":"if","locations":[{"start":{"line":18,"column":6},"end":{"line":19,"column":null}},{"start":{},"end":{}}],"line":18},"5":{"loc":{"start":{"line":37,"column":25},"end":{"line":37,"column":117}},"type":"binary-expr","locations":[{"start":{"line":37,"column":25},"end":{"line":37,"column":58}},{"start":{"line":37,"column":58},"end":{"line":37,"column":117}}],"line":37},"6":{"loc":{"start":{"line":42,"column":6},"end":{"line":43,"column":null}},"type":"if","locations":[{"start":{"line":42,"column":6},"end":{"line":43,"column":null}},{"start":{},"end":{}}],"line":42},"7":{"loc":{"start":{"line":50,"column":29},"end":{"line":50,"column":null}},"type":"binary-expr","locations":[{"start":{"line":50,"column":29},"end":{"line":50,"column":52}},{"start":{"line":50,"column":52},"end":{"line":50,"column":null}}],"line":50}},"s":{"0":12,"1":12,"2":12,"3":12,"4":1,"5":8,"6":8,"7":8,"8":5,"9":1,"10":4,"11":4,"12":4,"13":4,"14":1,"15":4,"16":4,"17":4,"18":4,"19":4,"20":4,"21":4,"22":3,"23":7,"24":12,"25":25,"26":12,"27":1,"28":1,"29":1,"30":1,"31":12,"32":1,"33":1,"34":1,"35":1,"36":12,"37":1,"38":1,"39":12,"40":1,"41":1,"42":1,"43":12,"44":1,"45":1,"46":1,"47":1,"48":1,"49":1,"50":1,"51":1,"52":1,"53":1,"54":1,"55":1},"f":{"0":1,"1":8,"2":25,"3":1,"4":1,"5":1,"6":1,"7":1,"8":1,"9":1,"10":1,"11":1,"12":1,"13":1,"14":1,"15":1,"16":1,"17":1,"18":1,"19":1,"20":1,"21":1,"22":1,"23":1,"24":1,"25":1,"26":1,"27":1},"b":{"0":[12,0],"1":[8,1],"2":[5,3],"3":[8,6],"4":[1,4],"5":[4,4],"6":[3,1],"7":[25,1]},"meta":{"lastBranch":8,"lastFunction":28,"lastStatement":56,"seen":{"s:3:16:3:Infinity":0,"b:3:16:3:48:3:48:3:Infinity":0,"s:4:29:4:Infinity":1,"s:6:12:9:2":2,"s:11:0:48:Infinity":3,"f:11:26:11:Infinity":0,"s:12:16:12:Infinity":4,"f:13:2:13:9":1,"s:14:16:14:Infinity":5,"b:14:16:14:37:14:37:14:Infinity":1,"s:15:27:15:49":6,"b:17:4:43:Infinity:undefined:undefined:undefined:undefined":2,"s:17:4:43:Infinity":7,"b:17:8:17:42:17:42:17:59":3,"b:18:6:19:Infinity:undefined:undefined:undefined:undefined":4,"s:18:6:19:Infinity":8,"s:19:8:19:Infinity":9,"s:22:6:22:Infinity":10,"s:24:27:24:Infinity":11,"s:26:6:39:Infinity":12,"s:27:8:27:Infinity":13,"s:29:8:29:Infinity":14,"s:31:8:31:Infinity":15,"s:32:8:32:Infinity":16,"s:34:33:34:Infinity":17,"s:35:8:35:Infinity":18,"s:37:8:37:Infinity":19,"b:37:25:37:58:37:58:37:117":5,"s:39:8:39:Infinity":20,"b:42:6:43:Infinity:undefined:undefined:undefined:undefined":6,"s:42:6:43:Infinity":21,"s:43:8:43:Infinity":22,"s:46:4:46:Infinity":23,"s:50:6:50:Infinity":24,"f:50:6:50:16":2,"s:50:29:50:Infinity":25,"b:50:29:50:52:50:52:50:Infinity":7,"s:52:23:57:Infinity":26,"f:53:9:53:16":3,"s:53:32:53:82":27,"f:54:12:54:19":4,"s:54:32:54:82":28,"f:55:6:55:18":5,"s:55:18:55:51":29,"f:56:10:56:22":6,"s:56:22:56:Infinity":30,"s:59:23:64:Infinity":31,"f:60:12:60:24":7,"s:60:24:60:55":32,"f:61:11:61:18":8,"s:61:25:61:62":33,"f:62:8:62:15":9,"s:62:22:62:65":34,"f:63:13:63:20":10,"s:63:39:63:Infinity":35,"s:66:27:69:Infinity":36,"f:67:16:67:28":11,"s:67:28:67:63":37,"f:68:10:68:17":12,"s:68:28:68:Infinity":38,"s:71:25:75:Infinity":39,"f:72:11:72:23":13,"s:72:23:72:61":40,"f:73:10:73:17":14,"s:73:42:73:99":41,"f:74:10:74:17":15,"s:74:30:74:Infinity":42,"s:77:24:90:Infinity":43,"f:78:12:78:24":16,"s:78:24:78:61":44,"f:79:18:79:25":17,"s:79:42:79:104":45,"f:80:14:80:21":18,"s:80:32:80:82":46,"f:81:12:81:24":19,"s:81:24:81:61":47,"f:82:14:82:21":20,"s:82:34:82:82":48,"f:83:14:83:21":21,"s:83:42:83:99":49,"f:84:16:84:28":22,"s:84:28:84:69":50,"f:85:15:85:27":23,"s:85:27:85:78":51,"f:86:23:86:30":24,"s:86:56:86:130":52,"f:87:14:87:21":25,"s:87:32:87:82":53,"f:88:14:88:26":26,"s:88:26:88:65":54,"f:89:16:89:23":27,"s:89:36:89:Infinity":55},"fnNames":{}}}
,"C:\\Users\\Maria\\cafehud\\frontend\\src\\components\\ProtectedRoute.jsx": {"path":"C:\\Users\\Maria\\cafehud\\frontend\\src\\components\\ProtectedRoute.jsx","statementMap":{"0":{"start":{"line":4,"column":6},"end":{"line":17,"column":null}},"1":{"start":{"line":5,"column":36},"end":{"line":5,"column":59}},"2":{"start":{"line":7,"column":2},"end":{"line":7,"column":null}},"3":{"start":{"line":7,"column":15},"end":{"line":7,"column":null}},"4":{"start":{"line":9,"column":2},"end":{"line":10,"column":null}},"5":{"start":{"line":10,"column":4},"end":{"line":10,"column":null}},"6":{"start":{"line":13,"column":2},"end":{"line":14,"column":null}},"7":{"start":{"line":14,"column":4},"end":{"line":14,"column":null}},"8":{"start":{"line":17,"column":2},"end":{"line":17,"column":null}}},"fnMap":{"0":{"name":"(anonymous_0)","decl":{"start":{"line":4,"column":6},"end":{"line":4,"column":24}},"loc":{"start":{"line":4,"column":55},"end":{"line":17,"column":null}},"line":4}},"branchMap":{"0":{"loc":{"start":{"line":7,"column":2},"end":{"line":7,"column":null}},"type":"if","locations":[{"start":{"line":7,"column":2},"end":{"line":7,"column":null}},{"start":{},"end":{}}],"line":7},"1":{"loc":{"start":{"line":9,"column":2},"end":{"line":10,"column":null}},"type":"if","locations":[{"start":{"line":9,"column":2},"end":{"line":10,"column":null}},{"start":{},"end":{}}],"line":9},"2":{"loc":{"start":{"line":13,"column":2},"end":{"line":14,"column":null}},"type":"if","locations":[{"start":{"line":13,"column":2},"end":{"line":14,"column":null}},{"start":{},"end":{}}],"line":13},"3":{"loc":{"start":{"line":13,"column":6},"end":{"line":13,"column":51}},"type":"binary-expr","locations":[{"start":{"line":13,"column":6},"end":{"line":13,"column":22}},{"start":{"line":13,"column":22},"end":{"line":13,"column":51}}],"line":13}},"s":{"0":1,"1":4,"2":4,"3":1,"4":3,"5":1,"6":2,"7":1,"8":1},"f":{"0":4},"b":{"0":[1,3],"1":[1,2],"2":[1,1],"3":[2,2]},"meta":{"lastBranch":4,"lastFunction":1,"lastStatement":9,"seen":{"s:4:6:17:Infinity":0,"f:4:6:4:24":0,"s:5:36:5:59":1,"b:7:2:7:Infinity:undefined:undefined:undefined:undefined":0,"s:7:2:7:Infinity":2,"s:7:15:7:Infinity":3,"b:9:2:10:Infinity:undefined:undefined:undefined:undefined":1,"s:9:2:10:Infinity":4,"s:10:4:10:Infinity":5,"b:13:2:14:Infinity:undefined:undefined:undefined:undefined":2,"s:13:2:14:Infinity":6,"b:13:6:13:22:13:22:13:51":3,"s:14:4:14:Infinity":7,"s:17:2:17:Infinity":8},"fnNames":{}}}
,"C:\\Users\\Maria\\cafehud\\frontend\\src\\components\\forms\\LoginForm.jsx": {"path":"C:\\Users\\Maria\\cafehud\\frontend\\src\\components\\forms\\LoginForm.jsx","statementMap":{"0":{"start":{"line":8,"column":15},"end":{"line":11,"column":2}},"1":{"start":{"line":13,"column":6},"end":{"line":97,"column":null}},"2":{"start":{"line":14,"column":33},"end":{"line":14,"column":61}},"3":{"start":{"line":15,"column":8},"end":{"line":15,"column":32}},"4":{"start":{"line":17,"column":47},"end":{"line":19,"column":4}},"5":{"start":{"line":21,"column":19},"end":{"line":26,"column":null}},"6":{"start":{"line":22,"column":4},"end":{"line":26,"column":null}},"7":{"start":{"line":23,"column":6},"end":{"line":23,"column":null}},"8":{"start":{"line":24,"column":6},"end":{"line":24,"column":null}},"9":{"start":{"line":26,"column":6},"end":{"line":26,"column":null}},"10":{"start":{"line":30,"column":2},"end":{"line":97,"column":null}}},"fnMap":{"0":{"name":"(anonymous_0)","decl":{"start":{"line":13,"column":6},"end":{"line":13,"column":24}},"loc":{"start":{"line":13,"column":24},"end":{"line":97,"column":null}},"line":13},"1":{"name":"(anonymous_1)","decl":{"start":{"line":21,"column":19},"end":{"line":21,"column":26}},"loc":{"start":{"line":21,"column":35},"end":{"line":26,"column":null}},"line":21}},"branchMap":{"0":{"loc":{"start":{"line":53,"column":40},"end":{"line":53,"column":null}},"type":"cond-expr","locations":[{"start":{"line":53,"column":55},"end":{"line":53,"column":93}},{"start":{"line":53,"column":93},"end":{"line":53,"column":null}}],"line":53},"1":{"loc":{"start":{"line":55,"column":11},"end":{"line":58,"column":null}},"type":"binary-expr","locations":[{"start":{"line":55,"column":11},"end":{"line":55,"column":null}},{"start":{"line":56,"column":12},"end":{"line":58,"column":null}}],"line":55},"2":{"loc":{"start":{"line":70,"column":40},"end":{"line":70,"column":null}},"type":"cond-expr","locations":[{"start":{"line":70,"column":58},"end":{"line":70,"column":96}},{"start":{"line":70,"column":96},"end":{"line":70,"column":null}}],"line":70},"3":{"loc":{"start":{"line":72,"column":11},"end":{"line":75,"column":null}},"type":"binary-expr","locations":[{"start":{"line":72,"column":11},"end":{"line":72,"column":null}},{"start":{"line":73,"column":12},"end":{"line":75,"column":null}}],"line":72},"4":{"loc":{"start":{"line":79,"column":9},"end":{"line":84,"column":null}},"type":"binary-expr","locations":[{"start":{"line":79,"column":9},"end":{"line":79,"column":null}},{"start":{"line":80,"column":10},"end":{"line":84,"column":null}}],"line":79},"5":{"loc":{"start":{"line":89,"column":11},"end":{"line":92,"column":null}},"type":"cond-expr","locations":[{"start":{"line":90,"column":12},"end":{"line":92,"column":null}},{"start":{"line":92,"column":12},"end":{"line":92,"column":null}}],"line":89}},"s":{"0":1,"1":1,"2":8,"3":8,"4":8,"5":8,"6":1,"7":1,"8":1,"9":0,"10":8},"f":{"0":8,"1":1},"b":{"0":[1,7],"1":[8,1],"2":[1,7],"3":[8,1],"4":[8,2],"5":[0,8]},"meta":{"lastBranch":6,"lastFunction":2,"lastStatement":11,"seen":{"s:8:15:11:2":0,"s:13:6:97:Infinity":1,"f:13:6:13:24":0,"s:14:33:14:61":2,"s:15:8:15:32":3,"s:17:47:19:4":4,"s:21:19:26:Infinity":5,"f:21:19:21:26":1,"s:22:4:26:Infinity":6,"s:23:6:23:Infinity":7,"s:24:6:24:Infinity":8,"s:26:6:26:Infinity":9,"s:30:2:97:Infinity":10,"b:53:55:53:93:53:93:53:Infinity":0,"b:55:11:55:Infinity:56:12:58:Infinity":1,"b:70:58:70:96:70:96:70:Infinity":2,"b:72:11:72:Infinity:73:12:75:Infinity":3,"b:79:9:79:Infinity:80:10:84:Infinity":4,"b:90:12:92:Infinity:92:12:92:Infinity":5},"fnNames":{}}}
,"C:\\Users\\Maria\\cafehud\\frontend\\src\\store\\useAuthStore.js": {"path":"C:\\Users\\Maria\\cafehud\\frontend\\src\\store\\useAuthStore.js","statementMap":{"0":{"start":{"line":4,"column":6},"end":{"line":4,"column":null}},"1":{"start":{"line":4,"column":28},"end":{"line":4,"column":null}},"2":{"start":{"line":6,"column":6},"end":{"line":16,"column":null}},"3":{"start":{"line":7,"column":2},"end":{"line":8,"column":null}},"4":{"start":{"line":8,"column":4},"end":{"line":8,"column":null}},"5":{"start":{"line":11,"column":2},"end":{"line":16,"column":null}},"6":{"start":{"line":12,"column":19},"end":{"line":12,"column":52}},"7":{"start":{"line":13,"column":4},"end":{"line":13,"column":null}},"8":{"start":{"line":15,"column":4},"end":{"line":15,"column":null}},"9":{"start":{"line":16,"column":4},"end":{"line":16,"column":null}},"10":{"start":{"line":20,"column":6},"end":{"line":28,"column":null}},"11":{"start":{"line":21,"column":2},"end":{"line":22,"column":null}},"12":{"start":{"line":22,"column":4},"end":{"line":22,"column":null}},"13":{"start":{"line":25,"column":2},"end":{"line":28,"column":null}},"14":{"start":{"line":26,"column":4},"end":{"line":26,"column":null}},"15":{"start":{"line":28,"column":4},"end":{"line":28,"column":null}},"16":{"start":{"line":32,"column":6},"end":{"line":32,"column":null}},"17":{"start":{"line":32,"column":34},"end":{"line":32,"column":null}},"18":{"start":{"line":33,"column":20},"end":{"line":33,"column":35}},"19":{"start":{"line":35,"column":13},"end":{"line":111,"column":3}},"20":{"start":{"line":35,"column":50},"end":{"line":111,"column":3}},"21":{"start":{"line":43,"column":4},"end":{"line":43,"column":null}},"22":{"start":{"line":44,"column":4},"end":{"line":44,"column":null}},"23":{"start":{"line":48,"column":4},"end":{"line":48,"column":null}},"24":{"start":{"line":49,"column":4},"end":{"line":56,"column":null}},"25":{"start":{"line":50,"column":23},"end":{"line":50,"column":41}},"26":{"start":{"line":51,"column":19},"end":{"line":51,"column":40}},"27":{"start":{"line":52,"column":6},"end":{"line":52,"column":null}},"28":{"start":{"line":53,"column":6},"end":{"line":53,"column":null}},"29":{"start":{"line":55,"column":6},"end":{"line":55,"column":null}},"30":{"start":{"line":56,"column":6},"end":{"line":56,"column":null}},"31":{"start":{"line":61,"column":21},"end":{"line":61,"column":39}},"32":{"start":{"line":62,"column":17},"end":{"line":62,"column":38}},"33":{"start":{"line":63,"column":4},"end":{"line":63,"column":null}},"34":{"start":{"line":64,"column":4},"end":{"line":64,"column":null}},"35":{"start":{"line":65,"column":4},"end":{"line":65,"column":null}},"36":{"start":{"line":69,"column":4},"end":{"line":69,"column":null}},"37":{"start":{"line":70,"column":4},"end":{"line":79,"column":null}},"38":{"start":{"line":71,"column":23},"end":{"line":71,"column":55}},"39":{"start":{"line":72,"column":19},"end":{"line":72,"column":40}},"40":{"start":{"line":73,"column":6},"end":{"line":73,"column":null}},"41":{"start":{"line":74,"column":6},"end":{"line":74,"column":null}},"42":{"start":{"line":75,"column":6},"end":{"line":75,"column":null}},"43":{"start":{"line":77,"column":22},"end":{"line":77,"column":null}},"44":{"start":{"line":78,"column":6},"end":{"line":78,"column":null}},"45":{"start":{"line":79,"column":6},"end":{"line":79,"column":null}},"46":{"start":{"line":84,"column":4},"end":{"line":84,"column":null}},"47":{"start":{"line":85,"column":4},"end":{"line":94,"column":null}},"48":{"start":{"line":86,"column":23},"end":{"line":86,"column":55}},"49":{"start":{"line":87,"column":19},"end":{"line":87,"column":40}},"50":{"start":{"line":88,"column":6},"end":{"line":88,"column":null}},"51":{"start":{"line":89,"column":6},"end":{"line":89,"column":null}},"52":{"start":{"line":90,"column":6},"end":{"line":90,"column":null}},"53":{"start":{"line":92,"column":22},"end":{"line":92,"column":null}},"54":{"start":{"line":93,"column":6},"end":{"line":93,"column":null}},"55":{"start":{"line":94,"column":6},"end":{"line":94,"column":null}},"56":{"start":{"line":99,"column":4},"end":{"line":99,"column":null}},"57":{"start":{"line":100,"column":4},"end":{"line":103,"column":null}},"58":{"start":{"line":101,"column":6},"end":{"line":101,"column":null}},"59":{"start":{"line":103,"column":6},"end":{"line":103,"column":null}},"60":{"start":{"line":105,"column":4},"end":{"line":105,"column":null}},"61":{"start":{"line":106,"column":4},"end":{"line":106,"column":null}},"62":{"start":{"line":109,"column":17},"end":{"line":109,"column":null}},"63":{"start":{"line":110,"column":18},"end":{"line":110,"column":null}}},"fnMap":{"0":{"name":"(anonymous_0)","decl":{"start":{"line":4,"column":6},"end":{"line":4,"column":28}},"loc":{"start":{"line":4,"column":28},"end":{"line":4,"column":null}},"line":4},"1":{"name":"(anonymous_1)","decl":{"start":{"line":6,"column":6},"end":{"line":6,"column":28}},"loc":{"start":{"line":6,"column":28},"end":{"line":16,"column":null}},"line":6},"2":{"name":"(anonymous_2)","decl":{"start":{"line":20,"column":6},"end":{"line":20,"column":21}},"loc":{"start":{"line":20,"column":30},"end":{"line":28,"column":null}},"line":20},"3":{"name":"(anonymous_3)","decl":{"start":{"line":32,"column":6},"end":{"line":32,"column":21}},"loc":{"start":{"line":32,"column":34},"end":{"line":32,"column":null}},"line":32},"4":{"name":"(anonymous_4)","decl":{"start":{"line":35,"column":28},"end":{"line":35,"column":36}},"loc":{"start":{"line":35,"column":50},"end":{"line":111,"column":3}},"line":35},"5":{"name":"(anonymous_5)","decl":{"start":{"line":42,"column":2},"end":{"line":42,"column":12}},"loc":{"start":{"line":42,"column":21},"end":{"line":44,"column":null}},"line":42},"6":{"name":"(anonymous_6)","decl":{"start":{"line":47,"column":14},"end":{"line":47,"column":26}},"loc":{"start":{"line":47,"column":26},"end":{"line":56,"column":null}},"line":47},"7":{"name":"(anonymous_7)","decl":{"start":{"line":60,"column":13},"end":{"line":60,"column":25}},"loc":{"start":{"line":60,"column":25},"end":{"line":65,"column":null}},"line":60},"8":{"name":"(anonymous_8)","decl":{"start":{"line":68,"column":9},"end":{"line":68,"column":16}},"loc":{"start":{"line":68,"column":32},"end":{"line":79,"column":null}},"line":68},"9":{"name":"(anonymous_9)","decl":{"start":{"line":83,"column":12},"end":{"line":83,"column":19}},"loc":{"start":{"line":83,"column":32},"end":{"line":94,"column":null}},"line":83},"10":{"name":"(anonymous_10)","decl":{"start":{"line":98,"column":10},"end":{"line":98,"column":22}},"loc":{"start":{"line":98,"column":22},"end":{"line":106,"column":null}},"line":98},"11":{"name":"(anonymous_11)","decl":{"start":{"line":109,"column":2},"end":{"line":109,"column":17}},"loc":{"start":{"line":109,"column":17},"end":{"line":109,"column":null}},"line":109},"12":{"name":"(anonymous_12)","decl":{"start":{"line":110,"column":2},"end":{"line":110,"column":18}},"loc":{"start":{"line":110,"column":18},"end":{"line":110,"column":null}},"line":110}},"branchMap":{"0":{"loc":{"start":{"line":4,"column":28},"end":{"line":4,"column":null}},"type":"binary-expr","locations":[{"start":{"line":4,"column":28},"end":{"line":4,"column":61}},{"start":{"line":4,"column":61},"end":{"line":4,"column":null}}],"line":4},"1":{"loc":{"start":{"line":7,"column":2},"end":{"line":8,"column":null}},"type":"if","locations":[{"start":{"line":7,"column":2},"end":{"line":8,"column":null}},{"start":{},"end":{}}],"line":7},"2":{"loc":{"start":{"line":13,"column":11},"end":{"line":13,"column":null}},"type":"cond-expr","locations":[{"start":{"line":13,"column":20},"end":{"line":13,"column":38}},{"start":{"line":13,"column":41},"end":{"line":13,"column":null}}],"line":13},"3":{"loc":{"start":{"line":21,"column":2},"end":{"line":22,"column":null}},"type":"if","locations":[{"start":{"line":21,"column":2},"end":{"line":22,"column":null}},{"start":{},"end":{}}],"line":21},"4":{"loc":{"start":{"line":25,"column":2},"end":{"line":28,"column":null}},"type":"if","locations":[{"start":{"line":25,"column":2},"end":{"line":28,"column":null}},{"start":{"line":27,"column":9},"end":{"line":28,"column":null}}],"line":25},"5":{"loc":{"start":{"line":32,"column":34},"end":{"line":32,"column":null}},"type":"binary-expr","locations":[{"start":{"line":32,"column":34},"end":{"line":32,"column":52}},{"start":{"line":32,"column":52},"end":{"line":32,"column":null}}],"line":32},"6":{"loc":{"start":{"line":77,"column":22},"end":{"line":77,"column":null}},"type":"binary-expr","locations":[{"start":{"line":77,"column":22},"end":{"line":77,"column":55}},{"start":{"line":77,"column":55},"end":{"line":77,"column":null}}],"line":77},"7":{"loc":{"start":{"line":92,"column":22},"end":{"line":92,"column":null}},"type":"binary-expr","locations":[{"start":{"line":92,"column":22},"end":{"line":92,"column":55}},{"start":{"line":92,"column":55},"end":{"line":92,"column":null}}],"line":92}},"s":{"0":15,"1":28,"2":15,"3":15,"4":1,"5":14,"6":14,"7":14,"8":1,"9":1,"10":15,"11":13,"12":1,"13":12,"14":9,"15":3,"16":15,"17":4,"18":15,"19":15,"20":15,"21":7,"22":7,"23":2,"24":2,"25":2,"26":1,"27":1,"28":1,"29":1,"30":1,"31":1,"32":1,"33":1,"34":1,"35":1,"36":2,"37":2,"38":2,"39":1,"40":1,"41":1,"42":1,"43":1,"44":1,"45":1,"46":2,"47":2,"48":2,"49":1,"50":1,"51":1,"52":1,"53":1,"54":1,"55":1,"56":1,"57":1,"58":1,"59":1,"60":1,"61":1,"62":2,"63":3},"f":{"0":28,"1":15,"2":13,"3":4,"4":15,"5":7,"6":2,"7":1,"8":2,"9":2,"10":1,"11":2,"12":3},"b":{"0":[28,26],"1":[1,14],"2":[4,10],"3":[1,12],"4":[9,3],"5":[4,0],"6":[1,0],"7":[1,0]},"meta":{"lastBranch":8,"lastFunction":13,"lastStatement":64,"seen":{"s:4:6:4:Infinity":0,"f:4:6:4:28":0,"s:4:28:4:Infinity":1,"b:4:28:4:61:4:61:4:Infinity":0,"s:6:6:16:Infinity":2,"f:6:6:6:28":1,"b:7:2:8:Infinity:undefined:undefined:undefined:undefined":1,"s:7:2:8:Infinity":3,"s:8:4:8:Infinity":4,"s:11:2:16:Infinity":5,"s:12:19:12:52":6,"s:13:4:13:Infinity":7,"b:13:20:13:38:13:41:13:Infinity":2,"s:15:4:15:Infinity":8,"s:16:4:16:Infinity":9,"s:20:6:28:Infinity":10,"f:20:6:20:21":2,"b:21:2:22:Infinity:undefined:undefined:undefined:undefined":3,"s:21:2:22:Infinity":11,"s:22:4:22:Infinity":12,"b:25:2:28:Infinity:27:9:28:Infinity":4,"s:25:2:28:Infinity":13,"s:26:4:26:Infinity":14,"s:28:4:28:Infinity":15,"s:32:6:32:Infinity":16,"f:32:6:32:21":3,"s:32:34:32:Infinity":17,"b:32:34:32:52:32:52:32:Infinity":5,"s:33:20:33:35":18,"s:35:13:111:3":19,"f:35:28:35:36":4,"s:35:50:111:3":20,"f:42:2:42:12":5,"s:43:4:43:Infinity":21,"s:44:4:44:Infinity":22,"f:47:14:47:26":6,"s:48:4:48:Infinity":23,"s:49:4:56:Infinity":24,"s:50:23:50:41":25,"s:51:19:51:40":26,"s:52:6:52:Infinity":27,"s:53:6:53:Infinity":28,"s:55:6:55:Infinity":29,"s:56:6:56:Infinity":30,"f:60:13:60:25":7,"s:61:21:61:39":31,"s:62:17:62:38":32,"s:63:4:63:Infinity":33,"s:64:4:64:Infinity":34,"s:65:4:65:Infinity":35,"f:68:9:68:16":8,"s:69:4:69:Infinity":36,"s:70:4:79:Infinity":37,"s:71:23:71:55":38,"s:72:19:72:40":39,"s:73:6:73:Infinity":40,"s:74:6:74:Infinity":41,"s:75:6:75:Infinity":42,"s:77:22:77:Infinity":43,"b:77:22:77:55:77:55:77:Infinity":6,"s:78:6:78:Infinity":44,"s:79:6:79:Infinity":45,"f:83:12:83:19":9,"s:84:4:84:Infinity":46,"s:85:4:94:Infinity":47,"s:86:23:86:55":48,"s:87:19:87:40":49,"s:88:6:88:Infinity":50,"s:89:6:89:Infinity":51,"s:90:6:90:Infinity":52,"s:92:22:92:Infinity":53,"b:92:22:92:55:92:55:92:Infinity":7,"s:93:6:93:Infinity":54,"s:94:6:94:Infinity":55,"f:98:10:98:22":10,"s:99:4:99:Infinity":56,"s:100:4:103:Infinity":57,"s:101:6:101:Infinity":58,"s:103:6:103:Infinity":59,"s:105:4:105:Infinity":60,"s:106:4:106:Infinity":61,"f:109:2:109:17":11,"s:109:17:109:Infinity":62,"f:110:2:110:18":12,"s:110:18:110:Infinity":63},"fnNames":{}}}
}
